Release 14.7 Map P.20131013 (lin64)
Xilinx Mapping Report File for Design 'mips'

Design Information
------------------
Command Line   : map -intstyle ise -p xc6slx9-csg324-3 -w -logic_opt off -ol
high -t 1 -xt 0 -register_duplication off -r 4 -global_opt off -mt off -ir off
-pr off -lc off -power off -o mips_map.ncd mips.ngd mips.pcf 
Target Device  : xc6slx9
Target Package : csg324
Target Speed   : -3
Mapper Version : spartan6 -- $Revision: 1.55 $
Mapped Date    : Thu May 21 17:14:54 2026

Design Summary
--------------
Number of errors:      0
Number of warnings:    0
Slice Logic Utilization:
  Number of Slice Registers:                 2,082 out of  11,440   18%
    Number used as Flip Flops:               2,082
    Number used as Latches:                      0
    Number used as Latch-thrus:                  0
    Number used as AND/OR logics:                0
  Number of Slice LUTs:                      4,185 out of   5,720   73%
    Number used as logic:                    3,409 out of   5,720   59%
      Number using O6 output only:           3,105
      Number using O5 output only:             109
      Number using O5 and O6:                  195
      Number used as ROM:                        0
    Number used as Memory:                     769 out of   1,440   53%
      Number used as Dual Port RAM:            512
        Number using O6 output only:           512
        Number using O5 output only:             0
        Number using O5 and O6:                  0
      Number used as Single Port RAM:          256
        Number using O6 output only:           256
        Number using O5 output only:             0
        Number using O5 and O6:                  0
      Number used as Shift Register:             1
        Number using O6 output only:             1
        Number using O5 output only:             0
        Number using O5 and O6:                  0
    Number used exclusively as route-thrus:      7
      Number with same-slice register load:      0
      Number with same-slice carry load:         7
      Number with other load:                    0

Slice Logic Distribution:
  Number of occupied Slices:                 1,290 out of   1,430   90%
  Number of MUXCYs used:                       300 out of   2,860   10%
  Number of LUT Flip Flop pairs used:        4,483
    Number with an unused Flip Flop:         2,419 out of   4,483   53%
    Number with an unused LUT:                 298 out of   4,483    6%
    Number of fully used LUT-FF pairs:       1,766 out of   4,483   39%
    Number of unique control sets:              75
    Number of slice register sites lost
      to control set restrictions:              93 out of  11,440    1%

  A LUT Flip Flop pair for this architecture represents one LUT paired with
  one Flip Flop within a slice.  A control set is a unique combination of
  clock, reset, set, and enable signals for a registered element.
  The Slice Logic Distribution report is not meaningful if the design is
  over-mapped for a non-slice resource or if Placement fails.

IO Utilization:
  Number of bonded IOBs:                        44 out of     200   22%
    Number of LOCed IOBs:                       44 out of      44  100%

Specific Feature Utilization:
  Number of RAMB16BWERs:                         0 out of      32    0%
  Number of RAMB8BWERs:                          0 out of      64    0%
  Number of BUFIO2/BUFIO2_2CLKs:                 0 out of      32    0%
  Number of BUFIO2FB/BUFIO2FB_2CLKs:             0 out of      32    0%
  Number of BUFG/BUFGMUXs:                       3 out of      16   18%
    Number used as BUFGs:                        3
    Number used as BUFGMUX:                      0
  Number of DCM/DCM_CLKGENs:                     0 out of       4    0%
  Number of ILOGIC2/ISERDES2s:                   0 out of     200    0%
  Number of IODELAY2/IODRP2/IODRP2_MCBs:         0 out of     200    0%
  Number of OLOGIC2/OSERDES2s:                   0 out of     200    0%
  Number of BSCANs:                              0 out of       4    0%
  Number of BUFHs:                               0 out of     128    0%
  Number of BUFPLLs:                             0 out of       8    0%
  Number of BUFPLL_MCBs:                         0 out of       4    0%
  Number of DSP48A1s:                            0 out of      16    0%
  Number of ICAPs:                               0 out of       1    0%
  Number of MCBs:                                0 out of       2    0%
  Number of PCILOGICSEs:                         0 out of       2    0%
  Number of PLL_ADVs:                            0 out of       2    0%
  Number of PMVs:                                0 out of       1    0%
  Number of STARTUPs:                            0 out of       1    0%
  Number of SUSPEND_SYNCs:                       0 out of       1    0%

Average Fanout of Non-Clock Nets:                5.84

Peak Memory Usage:  714 MB
Total REAL time to MAP completion:  20 secs 
Total CPU time to MAP completion:   20 secs 

Table of Contents
-----------------
Section 1 - Errors
Section 2 - Warnings
Section 3 - Informational
Section 4 - Removed Logic Summary
Section 5 - Removed Logic
Section 6 - IOB Properties
Section 7 - RPMs
Section 8 - Guide Report
Section 9 - Area Group and Partition Summary
Section 10 - Timing Report
Section 11 - Configuration String Information
Section 12 - Control Set Information
Section 13 - Utilization by Hierarchy

Section 1 - Errors
------------------

Section 2 - Warnings
--------------------

Section 3 - Informational
-------------------------
INFO:MapLib:562 - No environment variables are currently set.
INFO:MapLib:159 - Net Timing constraints on signal clk100mhz are pushed forward
   through input buffer.
INFO:Pack:1716 - Initializing temperature to 85.000 Celsius. (default - Range:
   0.000 to 85.000 Celsius)
INFO:Pack:1720 - Initializing voltage to 1.140 Volts. (default - Range: 1.140 to
   1.260 Volts)
INFO:Map:215 - The Interim Design Summary has been generated in the MAP Report
   (.mrp).
INFO:Pack:1650 - Map created a placed design.

Section 4 - Removed Logic Summary
---------------------------------
   2 block(s) optimized away

Section 5 - Removed Logic
-------------------------

Optimized Block(s):
TYPE 		BLOCK
GND 		XST_GND
VCC 		XST_VCC

To enable printing of redundant blocks removed and signals merged, set the
detailed map report option and rerun map.

Section 6 - IOB Properties
--------------------------

+---------------------------------------------------------------------------------------------------------------------------------------------------------+
| IOB Name                           | Type             | Direction | IO Standard          | Diff  | Drive    | Slew | Reg (s)      | Resistor | IOB      |
|                                    |                  |           |                      | Term  | Strength | Rate |              |          | Delay    |
+---------------------------------------------------------------------------------------------------------------------------------------------------------+
| Blue<0>                            | IOB              | OUTPUT    | LVCMOS33             |       | 8        | FAST |              |          |          |
| Blue<1>                            | IOB              | OUTPUT    | LVCMOS33             |       | 8        | FAST |              |          |          |
| Green<0>                           | IOB              | OUTPUT    | LVCMOS33             |       | 8        | FAST |              |          |          |
| Green<1>                           | IOB              | OUTPUT    | LVCMOS33             |       | 8        | FAST |              |          |          |
| Green<2>                           | IOB              | OUTPUT    | LVCMOS33             |       | 8        | FAST |              |          |          |
| Red<0>                             | IOB              | OUTPUT    | LVCMOS33             |       | 8        | FAST |              |          |          |
| Red<1>                             | IOB              | OUTPUT    | LVCMOS33             |       | 8        | FAST |              |          |          |
| Red<2>                             | IOB              | OUTPUT    | LVCMOS33             |       | 8        | FAST |              |          |          |
| atn                                | IOB              | INPUT     | LVCMOS33             |       |          |      |              |          |          |
| clk100mhz                          | IOB              | INPUT     | LVCMOS33             |       |          |      |              |          |          |
| hsync                              | IOB              | OUTPUT    | LVCMOS33             |       | 8        | FAST |              |          |          |
| north                              | IOB              | INPUT     | LVCMOS33             |       |          |      |              | PULLUP   |          |
| reset0                             | IOB              | INPUT     | LVCMOS33             |       |          |      |              | PULLUP   |          |
| reset1                             | IOB              | INPUT     | LVCMOS33             |       |          |      |              | PULLUP   |          |
| rx                                 | IOB              | INPUT     | LVCMOS33             |       |          |      |              |          |          |
| salida<0>                          | IOB              | OUTPUT    | LVCMOS33             |       | 8        | FAST |              |          |          |
| salida<1>                          | IOB              | OUTPUT    | LVCMOS33             |       | 8        | FAST |              |          |          |
| salida<2>                          | IOB              | OUTPUT    | LVCMOS33             |       | 8        | FAST |              |          |          |
| salida<3>                          | IOB              | OUTPUT    | LVCMOS33             |       | 8        | FAST |              |          |          |
| salida<4>                          | IOB              | OUTPUT    | LVCMOS33             |       | 8        | FAST |              |          |          |
| salida<5>                          | IOB              | OUTPUT    | LVCMOS33             |       | 8        | FAST |              |          |          |
| salida<6>                          | IOB              | OUTPUT    | LVCMOS33             |       | 8        | FAST |              |          |          |
| salida<7>                          | IOB              | OUTPUT    | LVCMOS33             |       | 8        | FAST |              |          |          |
| sevenSegment<0>                    | IOB              | OUTPUT    | LVCMOS33             |       | 8        | FAST |              |          |          |
| sevenSegment<1>                    | IOB              | OUTPUT    | LVCMOS33             |       | 8        | FAST |              |          |          |
| sevenSegment<2>                    | IOB              | OUTPUT    | LVCMOS33             |       | 8        | FAST |              |          |          |
| sevenSegment<3>                    | IOB              | OUTPUT    | LVCMOS33             |       | 8        | FAST |              |          |          |
| sevenSegment<4>                    | IOB              | OUTPUT    | LVCMOS33             |       | 8        | FAST |              |          |          |
| sevenSegment<5>                    | IOB              | OUTPUT    | LVCMOS33             |       | 8        | FAST |              |          |          |
| sevenSegment<6>                    | IOB              | OUTPUT    | LVCMOS33             |       | 8        | FAST |              |          |          |
| sevenSegment<7>                    | IOB              | OUTPUT    | LVCMOS33             |       | 8        | FAST |              |          |          |
| sevenSegmentEnable<0>              | IOB              | OUTPUT    | LVCMOS33             |       | 8        | FAST |              |          |          |
| sevenSegmentEnable<1>              | IOB              | OUTPUT    | LVCMOS33             |       | 8        | FAST |              |          |          |
| sevenSegmentEnable<2>              | IOB              | OUTPUT    | LVCMOS33             |       | 8        | FAST |              |          |          |
| siAzul                             | IOB              | INPUT     | LVCMOS33             |       |          |      |              | PULLUP   |          |
| siRojo                             | IOB              | INPUT     | LVCMOS33             |       |          |      |              | PULLUP   |          |
| siVerde                            | IOB              | INPUT     | LVCMOS33             |       |          |      |              | PULLUP   |          |
| south                              | IOB              | INPUT     | LVCMOS33             |       |          |      |              | PULLUP   |          |
| sw<0>                              | IOB              | INPUT     | LVCMOS33             |       |          |      |              | PULLUP   |          |
| sw<1>                              | IOB              | INPUT     | LVCMOS33             |       |          |      |              | PULLUP   |          |
| sw<2>                              | IOB              | INPUT     | LVCMOS33             |       |          |      |              | PULLUP   |          |
| sw<3>                              | IOB              | INPUT     | LVCMOS33             |       |          |      |              | PULLUP   |          |
| tx                                 | IOB              | OUTPUT    | LVCMOS33             |       | 8        | FAST |              |          |          |
| vsync                              | IOB              | OUTPUT    | LVCMOS33             |       | 8        | FAST |              |          |          |
+---------------------------------------------------------------------------------------------------------------------------------------------------------+

Section 7 - RPMs
----------------

Section 8 - Guide Report
------------------------
Guide not run on this design.

Section 9 - Area Group and Partition Summary
--------------------------------------------

Partition Implementation Status
-------------------------------

  No Partitions were found in this design.

-------------------------------

Area Group Information
----------------------

  No area groups were found in this design.

----------------------

Section 10 - Timing Report
--------------------------
A logic-level (pre-route) timing report can be generated by using Xilinx static
timing analysis tools, Timing Analyzer (GUI) or TRCE (command line), with the
mapped NCD and PCF files. Please note that this timing report will be generated
using estimated delay information. For accurate numbers, please generate a
timing report with the post Place and Route NCD file.

For more information about the Timing Analyzer, consult the Xilinx Timing
Analyzer Reference Manual; for more information about TRCE, consult the Xilinx
Command Line Tools User Guide "TRACE" chapter.

Section 11 - Configuration String Details
-----------------------------------------
Use the "-detail" map option to print out Configuration Strings

Section 12 - Control Set Information
------------------------------------
Use the "-detail" map option to print out Control Set Information.

Section 13 - Utilization by Hierarchy
-------------------------------------
Use the "-detail" map option to print out the Utilization by Hierarchy section.
